<?xml version="1.0" encoding="UTF-8"?>
<testsuite name="types.EndpointHelpersTest" tests="3" skipped="0" failures="0" errors="0" timestamp="2025-05-20T17:23:28" hostname="Pedros-MacBook-Pro-2.local" time="0.001">
  <properties/>
  <testcase name="Name that starts without a letter should not be valid()" classname="types.EndpointHelpersTest" time="0.0"/>
  <testcase name="Name with less than two characters should not be valid()" classname="types.EndpointHelpersTest" time="0.001"/>
  <testcase name="Valid endpoint with name and url should validate()" classname="types.EndpointHelpersTest" time="0.0"/>
  <system-out><![CDATA[]]></system-out>
  <system-err><![CDATA[]]></system-err>
</testsuite>
