<?xml version="1.0" encoding="UTF-8"?>
<testsuite name="tools.JsonBodyInjectorTest" tests="2" skipped="0" failures="0" errors="0" timestamp="2025-03-17T20:38:54" hostname="Pedros-MacBook-Pro-2.local" time="0.012">
  <properties/>
  <testcase name="Test simple json array of json objects()" classname="tools.JsonBodyInjectorTest" time="0.009"/>
  <testcase name="Test simple injection()" classname="tools.JsonBodyInjectorTest" time="0.002"/>
  <system-out><![CDATA[]]></system-out>
  <system-err><![CDATA[]]></system-err>
</testsuite>
