<?xml version="1.0" encoding="UTF-8"?>
<testsuite name="types.EndpointParameterHelpersTest" tests="11" skipped="0" failures="0" errors="0" timestamp="2025-03-17T20:38:57" hostname="Pedros-MacBook-Pro-2.local" time="0.038">
  <properties/>
  <testcase name="Valid endpoint and category with LONG range and FLOAT category should validate and be able to cast it to Double()" classname="types.EndpointParameterHelpersTest" time="0.028"/>
  <testcase name="Valid endpoint parameter with name and value should validate()" classname="types.EndpointParameterHelpersTest" time="0.001"/>
  <testcase name="Valid endpoint and category without range should validate()" classname="types.EndpointParameterHelpersTest" time="0.0"/>
  <testcase name="Valid endpoint and category with LONG range and CURRENCY category should validate and be able to cast it to Double()" classname="types.EndpointParameterHelpersTest" time="0.003"/>
  <testcase name="Valid endpoint with inherited value should validate()" classname="types.EndpointParameterHelpersTest" time="0.001"/>
  <testcase name="Name that starts without a letter should not be valid()" classname="types.EndpointParameterHelpersTest" time="0.0"/>
  <testcase name="Name with less than two characters should not be valid()" classname="types.EndpointParameterHelpersTest" time="0.0"/>
  <testcase name="Defining a range for an invalid category should not validate()" classname="types.EndpointParameterHelpersTest" time="0.0"/>
  <testcase name="Valid endpoint and category with range should validate()" classname="types.EndpointParameterHelpersTest" time="0.0"/>
  <testcase name="Setting value and inherited at the same time should not validate()" classname="types.EndpointParameterHelpersTest" time="0.001"/>
  <testcase name="Setting value and category at the same time should not validate()" classname="types.EndpointParameterHelpersTest" time="0.0"/>
  <system-out><![CDATA[]]></system-out>
  <system-err><![CDATA[]]></system-err>
</testsuite>
