<?xml version="1.0" encoding="UTF-8"?>
<testsuite name="tools.utilsTest" tests="2" skipped="0" failures="0" errors="0" timestamp="2025-03-17T20:38:57" hostname="Pedros-MacBook-Pro-2.local" time="0.002">
  <properties/>
  <testcase name="Given String with Two Placeholders and one missing value should inject only the present value()" classname="tools.utilsTest" time="0.001"/>
  <testcase name="Given String with Two Placeholders And values with same placeholders should inject the String()" classname="tools.utilsTest" time="0.001"/>
  <system-out><![CDATA[]]></system-out>
  <system-err><![CDATA[]]></system-err>
</testsuite>
