<?xml version="1.0" encoding="UTF-8"?>
<testsuite name="tools.ContextGeneratorTest" tests="3" skipped="0" failures="0" errors="0" timestamp="2025-05-20T17:23:24" hostname="Pedros-MacBook-Pro-2.local" time="0.033">
  <properties/>
  <testcase name="Given Single Context with One Initial Endpoint and one that depends on it Should Return Single Context()" classname="tools.ContextGeneratorTest" time="0.029"/>
  <testcase name="Given Single Context with Generate 2 Should Return Two Contexts()" classname="tools.ContextGeneratorTest" time="0.002"/>
  <testcase name="Given Single Context with Generate -1 Should Return 0 Contexts()" classname="tools.ContextGeneratorTest" time="0.002"/>
  <system-out><![CDATA[]]></system-out>
  <system-err><![CDATA[]]></system-err>
</testsuite>
