<?xml version="1.0" encoding="UTF-8"?>
<testsuite name="types.ConfigurationHelpersTest" tests="1" skipped="0" failures="0" errors="0" timestamp="2025-05-20T17:23:28" hostname="Pedros-MacBook-Pro-2.local" time="0.008">
  <properties/>
  <testcase name="Basic validation()" classname="types.ConfigurationHelpersTest" time="0.008"/>
  <system-out><![CDATA[Valid(value=Hello=Global(name=Hi my name is, value=Hello World, category=null))
]]></system-out>
  <system-err><![CDATA[]]></system-err>
</testsuite>
